#
# There is insufficient memory for the Java Runtime Environment to continue.
# Native memory allocation (mmap) failed to map 268435456 bytes for G1 virtual space
# Possible reasons:
#   The system is out of physical RAM or swap space
#   The process is running with CompressedOops enabled, and the Java Heap may be blocking the growth of the native heap
# Possible solutions:
#   Reduce memory load on the system
#   Increase physical memory or swap space
#   Check if swap backing store is full
#   Decrease Java heap size (-Xmx/-Xms)
#   Decrease number of Java threads
#   Decrease Java thread stack sizes (-Xss)
#   Set larger code cache with -XX:ReservedCodeCacheSize=
#   JVM is running with Zero Based Compressed Oops mode in which the Java heap is
#     placed in the first 32GB address space. The Java Heap base address is the
#     maximum limit for the native heap growth. Please use -XX:HeapBaseMinAddress
#     to set the Java Heap base and to place the Java Heap above 32GB virtual address.
# This output file may be truncated or incomplete.
#
#  Out of Memory Error (os_windows.cpp:3550), pid=7640, tid=10968
#
# JRE version:  (17.0.8+9) (build )
# Java VM: Java HotSpot(TM) 64-Bit Server VM (17.0.8+9-LTS-211, mixed mode, emulated-client, sharing, tiered, compressed oops, compressed class ptrs, g1 gc, windows-amd64)
# No core dump will be written. Minidumps are not enabled by default on client versions of Windows
#

---------------  S U M M A R Y ------------

Command Line: -XX:TieredStopAtLevel=1 -Dspring.output.ansi.enabled=always -Dcom.sun.management.jmxremote -Dspring.jmx.enabled=true -Dspring.liveBeansView.mbeanDomain -Dspring.application.admin.enabled=true -Dmanagement.endpoints.jmx.exposure.include=* -javaagent:C:\Program Files\JetBrains\IntelliJ IDEA 2022.3.1\lib\idea_rt.jar=63346:C:\Program Files\JetBrains\IntelliJ IDEA 2022.3.1\bin -Dfile.encoding=UTF-8 com.MicroServiceArc.ticketservice.TicketApplication

Host: Intel(R) Core(TM) i5-4210U CPU @ 1.70GHz, 4 cores, 15G,  Windows 10 , 64 bit Build 19041 (10.0.19041.3155)
Time: Fri Aug 11 04:41:59 2023 Türkiye Standart Saati elapsed time: 0.034575 seconds (0d 0h 0m 0s)

---------------  T H R E A D  ---------------

Current thread (0x00000179c1588e20):  JavaThread "Unknown thread" [_thread_in_vm, id=10968, stack(0x0000003ec1a00000,0x0000003ec1b00000)]

Stack: [0x0000003ec1a00000,0x0000003ec1b00000]
Native frames: (J=compiled Java code, j=interpreted, Vv=VM code, C=native code)
V  [jvm.dll+0x677d0a]
V  [jvm.dll+0x7d8c54]
V  [jvm.dll+0x7da3fe]
V  [jvm.dll+0x7daa63]
V  [jvm.dll+0x245c5f]
V  [jvm.dll+0x674bb9]
V  [jvm.dll+0x6694f2]
V  [jvm.dll+0x3031d6]
V  [jvm.dll+0x30a756]
V  [jvm.dll+0x359f9e]
V  [jvm.dll+0x35a1cf]
V  [jvm.dll+0x2da3e8]
V  [jvm.dll+0x2db354]
V  [jvm.dll+0x7aa711]
V  [jvm.dll+0x367b51]
V  [jvm.dll+0x789979]
V  [jvm.dll+0x3eb05f]
V  [jvm.dll+0x3ecae1]
C  [jli.dll+0x5297]
C  [ucrtbase.dll+0x21bb2]
C  [KERNEL32.DLL+0x17614]
C  [ntdll.dll+0x526b1]


---------------  P R O C E S S  ---------------

Threads class SMR info:
_java_thread_list=0x00007fff4ccc59d8, length=0, elements={
}

Java Threads: ( => current thread )

Other Threads:
  0x00000179c15f3c80 GCTaskThread "GC Thread#0" [stack: 0x0000003ec1b00000,0x0000003ec1c00000] [id=9868]
  0x00000179c1604ac0 ConcurrentGCThread "G1 Main Marker" [stack: 0x0000003ec1c00000,0x0000003ec1d00000] [id=8256]
  0x00000179c16064e0 ConcurrentGCThread "G1 Conc#0" [stack: 0x0000003ec1d00000,0x0000003ec1e00000] [id=10892]

[error occurred during error reporting (printing all threads), id 0xc0000005, EXCEPTION_ACCESS_VIOLATION (0xc0000005) at pc=0x00007fff4c4fb047]

VM state: not at safepoint (not fully initialized)

VM Mutex/Monitor currently owned by a thread:  ([mutex/lock_event])
[0x00000179c1583640] Heap_lock - owner thread: 0x00000179c1588e20

Heap address: 0x0000000701000000, size: 4080 MB, Compressed Oops mode: Zero based, Oop shift amount: 3

CDS archive(s) mapped at: [0x0000000000000000-0x0000000000000000-0x0000000000000000), size 0, SharedBaseAddress: 0x0000000800000000, ArchiveRelocationMode: 1.
Narrow klass base: 0x0000000000000000, Narrow klass shift: 0, Narrow klass range: 0x0

GC Precious Log:
<Empty>

Heap:
 garbage-first heap   total 0K, used 0K [0x0000000701000000, 0x0000000800000000)
  region size 2048K, 0 young (0K), 0 survivors (0K)

[error occurred during error reporting (printing heap information), id 0xc0000005, EXCEPTION_ACCESS_VIOLATION (0xc0000005) at pc=0x00007fff4c8e1499]

GC Heap History (0 events):
No events

Deoptimization events (0 events):
No events

Classes unloaded (0 events):
No events

Classes redefined (0 events):
No events

Internal exceptions (0 events):
No events

VM Operations (0 events):
No events

Events (1 events):
Event: 0.022 Loaded shared library C:\Program Files\Java\jdk-17\bin\java.dll


Dynamic libraries:
0x00007ff60a2b0000 - 0x00007ff60a2c0000 	C:\Program Files\Java\jdk-17\bin\java.exe
0x00007fff88f30000 - 0x00007fff89128000 	C:\Windows\SYSTEM32\ntdll.dll
0x00007fff88a70000 - 0x00007fff88b2f000 	C:\Windows\System32\KERNEL32.DLL
0x00007fff86610000 - 0x00007fff86906000 	C:\Windows\System32\KERNELBASE.dll
0x00007fff86d50000 - 0x00007fff86e50000 	C:\Windows\System32\ucrtbase.dll
0x00007fff7db20000 - 0x00007fff7db39000 	C:\Program Files\Java\jdk-17\bin\jli.dll
0x00007fff88810000 - 0x00007fff888bf000 	C:\Windows\System32\ADVAPI32.dll
0x00007fff87f60000 - 0x00007fff87ffe000 	C:\Windows\System32\msvcrt.dll
0x00007fff88c40000 - 0x00007fff88cdc000 	C:\Windows\System32\sechost.dll
0x00007fff874b0000 - 0x00007fff875d6000 	C:\Windows\System32\RPCRT4.dll
0x00007fff881f0000 - 0x00007fff8838d000 	C:\Windows\System32\USER32.dll
0x00007fff86ac0000 - 0x00007fff86ae2000 	C:\Windows\System32\win32u.dll
0x00007fff88160000 - 0x00007fff8818c000 	C:\Windows\System32\GDI32.dll
0x00007fff86af0000 - 0x00007fff86c05000 	C:\Windows\System32\gdi32full.dll
0x00007fff86cb0000 - 0x00007fff86d4d000 	C:\Windows\System32\msvcp_win.dll
0x00007fff7dbb0000 - 0x00007fff7dbcb000 	C:\Program Files\Java\jdk-17\bin\VCRUNTIME140.dll
0x00007fff7cfa0000 - 0x00007fff7d23a000 	C:\Windows\WinSxS\amd64_microsoft.windows.common-controls_6595b64144ccf1df_6.0.19041.1110_none_60b5254171f9507e\COMCTL32.dll
0x00007fff7c660000 - 0x00007fff7c66a000 	C:\Windows\SYSTEM32\VERSION.dll
0x00007fff88130000 - 0x00007fff88160000 	C:\Windows\System32\IMM32.DLL
0x00007fff7dda0000 - 0x00007fff7ddac000 	C:\Program Files\Java\jdk-17\bin\vcruntime140_1.dll
0x00007fff635b0000 - 0x00007fff6363e000 	C:\Program Files\Java\jdk-17\bin\msvcp140.dll
0x00007fff4c210000 - 0x00007fff4cdee000 	C:\Program Files\Java\jdk-17\bin\server\jvm.dll
0x00007fff88390000 - 0x00007fff88398000 	C:\Windows\System32\PSAPI.DLL
0x00007fff7dba0000 - 0x00007fff7dba9000 	C:\Windows\SYSTEM32\WSOCK32.dll
0x00007fff876f0000 - 0x00007fff8775b000 	C:\Windows\System32\WS2_32.dll
0x00007fff73e20000 - 0x00007fff73e47000 	C:\Windows\SYSTEM32\WINMM.dll
0x00007fff84470000 - 0x00007fff84482000 	C:\Windows\SYSTEM32\kernel.appcore.dll
0x00007fff7c370000 - 0x00007fff7c37a000 	C:\Program Files\Java\jdk-17\bin\jimage.dll
0x00007fff7b890000 - 0x00007fff7ba74000 	C:\Windows\SYSTEM32\DBGHELP.DLL
0x00007fff7b850000 - 0x00007fff7b884000 	C:\Windows\SYSTEM32\dbgcore.DLL
0x00007fff86e50000 - 0x00007fff86ed2000 	C:\Windows\System32\bcryptPrimitives.dll
0x00007fff82290000 - 0x00007fff8229e000 	C:\Program Files\Java\jdk-17\bin\instrument.dll
0x00007fff6b3d0000 - 0x00007fff6b3f5000 	C:\Program Files\Java\jdk-17\bin\java.dll

dbghelp: loaded successfully - version: 4.0.5 - missing functions: none
symbol engine: initialized successfully - sym options: 0x614 - pdb path: .;C:\Program Files\Java\jdk-17\bin;C:\Windows\SYSTEM32;C:\Windows\WinSxS\amd64_microsoft.windows.common-controls_6595b64144ccf1df_6.0.19041.1110_none_60b5254171f9507e;C:\Program Files\Java\jdk-17\bin\server

VM Arguments:
jvm_args: -XX:TieredStopAtLevel=1 -Dspring.output.ansi.enabled=always -Dcom.sun.management.jmxremote -Dspring.jmx.enabled=true -Dspring.liveBeansView.mbeanDomain -Dspring.application.admin.enabled=true -Dmanagement.endpoints.jmx.exposure.include=* -javaagent:C:\Program Files\JetBrains\IntelliJ IDEA 2022.3.1\lib\idea_rt.jar=63346:C:\Program Files\JetBrains\IntelliJ IDEA 2022.3.1\bin -Dfile.encoding=UTF-8 
java_command: com.MicroServiceArc.ticketservice.TicketApplication
java_class_path (initial): C:\Users\Hakan\Desktop\microservices_example\MicroServicesWithSpringBoot\MicroServiceArc\ticket-service\target\classes;C:\Users\Hakan\.m2\repository\org\springframework\boot\spring-boot-starter-data-elasticsearch\3.1.2\spring-boot-starter-data-elasticsearch-3.1.2.jar;C:\Users\Hakan\.m2\repository\org\springframework\boot\spring-boot-starter\3.1.2\spring-boot-starter-3.1.2.jar;C:\Users\Hakan\.m2\repository\org\springframework\boot\spring-boot-starter-logging\3.1.2\spring-boot-starter-logging-3.1.2.jar;C:\Users\Hakan\.m2\repository\ch\qos\logback\logback-classic\1.4.8\logback-classic-1.4.8.jar;C:\Users\Hakan\.m2\repository\ch\qos\logback\logback-core\1.4.8\logback-core-1.4.8.jar;C:\Users\Hakan\.m2\repository\org\apache\logging\log4j\log4j-to-slf4j\2.20.0\log4j-to-slf4j-2.20.0.jar;C:\Users\Hakan\.m2\repository\org\apache\logging\log4j\log4j-api\2.20.0\log4j-api-2.20.0.jar;C:\Users\Hakan\.m2\repository\org\slf4j\jul-to-slf4j\2.0.7\jul-to-slf4j-2.0.7.jar;C:\Users\Hakan\.m2\repository\jakarta\annotation\jakarta.annotation-api\2.1.1\jakarta.annotation-api-2.1.1.jar;C:\Users\Hakan\.m2\repository\org\yaml\snakeyaml\1.33\snakeyaml-1.33.jar;C:\Users\Hakan\.m2\repository\org\springframework\data\spring-data-elasticsearch\5.1.2\spring-data-elasticsearch-5.1.2.jar;C:\Users\Hakan\.m2\repository\org\springframework\spring-context\6.0.11\spring-context-6.0.11.jar;C:\Users\Hakan\.m2\repository\org\springframework\spring-tx\6.0.11\spring-tx-6.0.11.jar;C:\Users\Hakan\.m2\repository\org\springframework\data\spring-data-commons\3.1.2\spring-data-commons-3.1.2.jar;C:\Users\Hakan\.m2\repository\co\elastic\clients\elasticsearch-java\8.7.1\elasticsearch-java-8.7.1.jar;C:\Users\Hakan\.m2\repository\com\google\code\findbugs\jsr305\3.0.2\jsr305-3.0.2.jar;C:\Users\Hakan\.m2\repository\jakarta\json\jakarta.json-api\2.1.2\jakarta.json-api-2.1.2.jar;C:\Users\Hakan\.m2\repository\org\eclipse\parsson\parsson\1.0.0\parsson-1.0.0.jar;C:\Users\Hakan\.m2\repository\org\elasti
Launcher Type: SUN_STANDARD

[Global flags]
     intx CICompilerCount                          = 3                                         {product} {ergonomic}
     uint ConcGCThreads                            = 1                                         {product} {ergonomic}
     uint G1ConcRefinementThreads                  = 4                                         {product} {ergonomic}
   size_t G1HeapRegionSize                         = 2097152                                   {product} {ergonomic}
    uintx GCDrainStackTargetSize                   = 64                                        {product} {ergonomic}
   size_t InitialHeapSize                          = 268435456                                 {product} {ergonomic}
     bool ManagementServer                         = true                                      {product} {command line}
   size_t MarkStackSize                            = 4194304                                   {product} {ergonomic}
   size_t MaxHeapSize                              = 4278190080                                {product} {ergonomic}
   size_t MinHeapDeltaBytes                        = 2097152                                   {product} {ergonomic}
   size_t MinHeapSize                              = 8388608                                   {product} {ergonomic}
    uintx NonProfiledCodeHeapSize                  = 0                                      {pd product} {ergonomic}
     bool ProfileInterpreter                       = false                                  {pd product} {command line}
    uintx ProfiledCodeHeapSize                     = 0                                      {pd product} {ergonomic}
   size_t SoftMaxHeapSize                          = 4278190080                             {manageable} {ergonomic}
     intx TieredStopAtLevel                        = 1                                         {product} {command line}
     bool UseCompressedClassPointers               = true                           {product lp64_product} {ergonomic}
     bool UseCompressedOops                        = true                           {product lp64_product} {ergonomic}
     bool UseG1GC                                  = true                                      {product} {ergonomic}
     bool UseLargePagesIndividualAllocation        = false                                  {pd product} {ergonomic}

Logging:
Log output configuration:
 #0: stdout all=warning uptime,level,tags
 #1: stderr all=off uptime,level,tags

Environment Variables:
JAVA_HOME=C:\Program Files\Java\jdk-11.0.16.1
PATH=C:\Program Files\Common Files\Oracle\Java\javapath;C:\Program Files (x86)\Common Files\Oracle\Java\javapath;C:\Windows\system32;C:\Windows;C:\Windows\System32\Wbem;C:\Windows\System32\WindowsPowerShell\v1.0\;C:\Windows\System32\OpenSSH\;C:\Program Files\dotnet\;C:\Program Files\Git\cmd;C:\Program Files\Microsoft SQL Server\150\Tools\Binn\;C:\Program Files\Apache Software Foundation\apache-maven-3.9.3\bin;C:\Program Files (x86)\NVIDIA Corporation\PhysX\Common;C:\Program Files\Microsoft SQL Server\Client SDK\ODBC\170\Tools\Binn\;C:\Program Files\Docker\Docker\resources\bin;C:\Users\Hakan\AppData\Local\Programs\Python\Python38\Scripts\;C:\Users\Hakan\AppData\Local\Programs\Python\Python38\;C:\Users\Hakan\AppData\Local\Microsoft\WindowsApps;C:\Users\Hakan\AppData\Local\GitHubDesktop\bin;C:\Users\Hakan\AppData\Local\Programs\Microsoft VS Code\bin;C:\Users\Hakan\.dotnet\tools;C:\Program Files\JetBrains\IntelliJ IDEA Community Edition 2022.2.3\bin;;D:\src\flutter\bin;%JAVA_HOM%\bin;C:\Program Files\JetBrains\IntelliJ IDEA 2022.3.1\bin;;C:\Program Files\NVIDIA GPU Computing Toolkit\CUDA\v10.1\bin;C:\Program Files\NVIDIA GPU Computing Toolkit\CUDA\v10.1\lib\x64;C:\Program Files\NVIDIA GPU Computing Toolkit\CUDA\v10.1\include;C:\Program Files\nodejs\;;C:\Program Files\Azure Data Studio\bin
USERNAME=Hakan
OS=Windows_NT
PROCESSOR_IDENTIFIER=Intel64 Family 6 Model 69 Stepping 1, GenuineIntel



---------------  S Y S T E M  ---------------

OS:
 Windows 10 , 64 bit Build 19041 (10.0.19041.3155)
OS uptime: 0 days 0:14 hours
Hyper-V role detected

CPU: total 4 (initial active 4) (2 cores per cpu, 2 threads per core) family 6 model 69 stepping 1 microcode 0x25, cx8, cmov, fxsr, ht, mmx, sse, sse2, sse3, ssse3, sse4.1, sse4.2, popcnt, lzcnt, tsc, tscinvbit, avx, avx2, aes, erms, clmul, bmi1, bmi2, fma, vzeroupper, clflush, hv

Memory: 4k page, system-wide physical 16314M (1267M free)
TotalPageFile size 16314M (AvailPageFile size 197M)
current process WorkingSet (physical memory assigned to process): 10M, peak: 10M
current process commit charge ("private bytes"): 47M, peak: 303M

vm_info: Java HotSpot(TM) 64-Bit Server VM (17.0.8+9-LTS-211) for windows-amd64 JRE (17.0.8+9-LTS-211), built on Jun 14 2023 10:34:31 by "mach5one" with MS VC++ 17.1 (VS2022)

END.
